<?xml version="1.0" encoding="UTF-8"?>
<!-- Generated by org.testng.reporters.JUnitReportReporter -->
<testsuite skipped="0" hostname="INF84" name="teste.TestePatterns" tests="2" failures="0" timestamp="22 nov 2018 16:32:55 GMT" time="0.010" errors="0">
  <testcase name="testarFacade" time="0.008" classname="teste.TestePatterns"/>
  <testcase name="testarVisitor" time="0.002" classname="teste.TestePatterns"/>
</testsuite> <!-- teste.TestePatterns -->
