<?xml version="1.0" encoding="UTF-8"?>
<!-- Generated by org.testng.reporters.JUnitReportReporter -->
<testsuite skipped="0" hostname="INF84" name="principal.TestePatterns" tests="2" failures="0" timestamp="22 nov 2018 16:32:05 GMT" time="0.013" errors="0">
  <testcase name="testarFacade" time="0.010" classname="principal.TestePatterns"/>
  <testcase name="testarVisitor" time="0.003" classname="principal.TestePatterns"/>
</testsuite> <!-- principal.TestePatterns -->
